<?xml version="1.0" encoding="UTF-8"?>
<!-- Generated by org.testng.reporters.JUnitReportReporter -->
<testsuite hostname="LAPTOP-PU1GRCP2" failures="0" tests="2" name="test.LoginTest" time="6.430" errors="0" timestamp="2022-06-16T13:40:55 IST" skipped="0">
  <testcase classname="test.LoginTest" name="verifyButton" time="0.109"/>
  <system-out/>
  <testcase classname="test.LoginTest" name="login" time="6.321"/>
  <system-out/>
</testsuite> <!-- test.LoginTest -->
